<?xml version="1.0" encoding="UTF-8"?>
<!-- Generated by org.testng.reporters.JUnitReportReporter -->
<testsuite hostname="L-158041108" failures="0" tests="1" name="org.wipro.auspost.testcases.SanityTest" time="0.040" errors="0" timestamp="2022-02-25T12:02:52 IST" skipped="0">
  <testcase classname="org.wipro.auspost.testcases.SanityTest" name="sanityTest" time="0.040"/>
  <system-out/>
</testsuite> <!-- org.wipro.auspost.testcases.SanityTest -->
