<?xml version="1.0" encoding="UTF-8"?>
<!-- Generated by org.testng.reporters.JUnitReportReporter -->
<testsuite hostname="L-158041108" failures="0" tests="3" name="org.wipro.auspost.testcases.SanityTest" time="46.431" errors="0" timestamp="2022-02-28T19:06:01 IST" skipped="0">
  <testcase classname="org.wipro.auspost.testcases.SanityTest" name="edgeTest" time="8.034"/>
  <system-out/>
  <testcase classname="org.wipro.auspost.testcases.SanityTest" name="firefoxTest" time="22.148"/>
  <system-out/>
  <testcase classname="org.wipro.auspost.testcases.SanityTest" name="chromeTest" time="16.249"/>
  <system-out/>
</testsuite> <!-- org.wipro.auspost.testcases.SanityTest -->
